[07-Sep-2023 10:26:40 UTC] PHP Deprecated:  Creation of dynamic property User_Command::$fetcher is deprecated in phar:///opt/Local/resources/extraResources/bin/wp-cli/wp-cli.phar/vendor/wp-cli/entity-command/src/User_Command.php on line 54
[07-Sep-2023 10:26:40 UTC] PHP Deprecated:  Creation of dynamic property User_Command::$sitefetcher is deprecated in phar:///opt/Local/resources/extraResources/bin/wp-cli/wp-cli.phar/vendor/wp-cli/entity-command/src/User_Command.php on line 55
[07-Sep-2023 10:26:40 UTC] PHP Deprecated:  Return type of WP_CLI\Iterators\Transform::current() should either be compatible with IteratorIterator::current(): mixed, or the #[\ReturnTypeWillChange] attribute should be used to temporarily suppress the notice in phar:///opt/Local/resources/extraResources/bin/wp-cli/wp-cli.phar/vendor/wp-cli/wp-cli/php/WP_CLI/Iterators/Transform.php on line 18
[07-Sep-2023 10:30:40 UTC] PHP Warning:  Attempt to read property "title" on null in /home/safet/Local Sites/udemy/app/public/wp-includes/class-wp-customize-widgets.php on line 905
[07-Sep-2023 11:02:11 UTC] PHP Fatal error:  Uncaught Error: Call to undefined function blog_info() in /home/safet/Local Sites/udemy/app/public/wp-content/themes/udemy/index.php:5
Stack trace:
#0 /home/safet/Local Sites/udemy/app/public/wp-includes/template-loader.php(106): include()
#1 /home/safet/Local Sites/udemy/app/public/wp-blog-header.php(19): require_once('/home/safet/Loc...')
#2 /home/safet/Local Sites/udemy/app/public/index.php(17): require('/home/safet/Loc...')
#3 {main}
  thrown in /home/safet/Local Sites/udemy/app/public/wp-content/themes/udemy/index.php on line 5
[07-Sep-2023 11:02:22 UTC] PHP Fatal error:  Uncaught Error: Call to undefined function blog_info() in /home/safet/Local Sites/udemy/app/public/wp-content/themes/udemy/index.php:5
Stack trace:
#0 /home/safet/Local Sites/udemy/app/public/wp-includes/template-loader.php(106): include()
#1 /home/safet/Local Sites/udemy/app/public/wp-blog-header.php(19): require_once('/home/safet/Loc...')
#2 /home/safet/Local Sites/udemy/app/public/index.php(17): require('/home/safet/Loc...')
#3 {main}
  thrown in /home/safet/Local Sites/udemy/app/public/wp-content/themes/udemy/index.php on line 5
[07-Sep-2023 11:02:23 UTC] PHP Fatal error:  Uncaught Error: Call to undefined function blog_info() in /home/safet/Local Sites/udemy/app/public/wp-content/themes/udemy/index.php:5
Stack trace:
#0 /home/safet/Local Sites/udemy/app/public/wp-includes/template-loader.php(106): include()
#1 /home/safet/Local Sites/udemy/app/public/wp-blog-header.php(19): require_once('/home/safet/Loc...')
#2 /home/safet/Local Sites/udemy/app/public/index.php(17): require('/home/safet/Loc...')
#3 {main}
  thrown in /home/safet/Local Sites/udemy/app/public/wp-content/themes/udemy/index.php on line 5
[07-Sep-2023 11:02:27 UTC] PHP Fatal error:  Uncaught Error: Call to undefined function blog_info() in /home/safet/Local Sites/udemy/app/public/wp-content/themes/udemy/index.php:5
Stack trace:
#0 /home/safet/Local Sites/udemy/app/public/wp-includes/template-loader.php(106): include()
#1 /home/safet/Local Sites/udemy/app/public/wp-blog-header.php(19): require_once('/home/safet/Loc...')
#2 /home/safet/Local Sites/udemy/app/public/index.php(17): require('/home/safet/Loc...')
#3 {main}
  thrown in /home/safet/Local Sites/udemy/app/public/wp-content/themes/udemy/index.php on line 5
[07-Sep-2023 14:13:25 UTC] PHP Notice:  Error when decoding a JSON file at path /home/safet/Local Sites/udemy/app/public/wp-content/themes/udemy/theme.json: Syntax error in /home/safet/Local Sites/udemy/app/public/wp-includes/functions.php on line 4573
[07-Sep-2023 14:13:25 UTC] PHP Notice:  Error when decoding a JSON file at path /home/safet/Local Sites/udemy/app/public/wp-content/themes/udemy/theme.json: Syntax error in /home/safet/Local Sites/udemy/app/public/wp-includes/functions.php on line 4573
[07-Sep-2023 14:13:25 UTC] PHP Notice:  Error when decoding a JSON file at path /home/safet/Local Sites/udemy/app/public/wp-content/themes/udemy/theme.json: Syntax error in /home/safet/Local Sites/udemy/app/public/wp-includes/functions.php on line 4573
[07-Sep-2023 14:13:46 UTC] PHP Notice:  Error when decoding a JSON file at path /home/safet/Local Sites/udemy/app/public/wp-content/themes/udemy/theme.json: Syntax error in /home/safet/Local Sites/udemy/app/public/wp-includes/functions.php on line 4573
[07-Sep-2023 14:13:47 UTC] PHP Notice:  Error when decoding a JSON file at path /home/safet/Local Sites/udemy/app/public/wp-content/themes/udemy/theme.json: Syntax error in /home/safet/Local Sites/udemy/app/public/wp-includes/functions.php on line 4573
[07-Sep-2023 14:13:48 UTC] PHP Notice:  Error when decoding a JSON file at path /home/safet/Local Sites/udemy/app/public/wp-content/themes/udemy/theme.json: Syntax error in /home/safet/Local Sites/udemy/app/public/wp-includes/functions.php on line 4573
[07-Sep-2023 14:14:46 UTC] PHP Notice:  Error when decoding a JSON file at path /home/safet/Local Sites/udemy/app/public/wp-content/themes/udemy/theme.json: Syntax error in /home/safet/Local Sites/udemy/app/public/wp-includes/functions.php on line 4573
[07-Sep-2023 16:48:03 UTC] PHP Warning:  mysqli_real_connect(): (HY000/2002): No such file or directory in /home/safet/Local Sites/udemy/app/public/wp-includes/class-wpdb.php on line 2035
[07-Sep-2023 16:48:07 UTC] PHP Deprecated:  Creation of dynamic property User_Command::$fetcher is deprecated in phar:///opt/Local/resources/extraResources/bin/wp-cli/wp-cli.phar/vendor/wp-cli/entity-command/src/User_Command.php on line 54
[07-Sep-2023 16:48:07 UTC] PHP Deprecated:  Creation of dynamic property User_Command::$sitefetcher is deprecated in phar:///opt/Local/resources/extraResources/bin/wp-cli/wp-cli.phar/vendor/wp-cli/entity-command/src/User_Command.php on line 55
[07-Sep-2023 16:48:07 UTC] PHP Deprecated:  Return type of WP_CLI\Iterators\Transform::current() should either be compatible with IteratorIterator::current(): mixed, or the #[\ReturnTypeWillChange] attribute should be used to temporarily suppress the notice in phar:///opt/Local/resources/extraResources/bin/wp-cli/wp-cli.phar/vendor/wp-cli/wp-cli/php/WP_CLI/Iterators/Transform.php on line 18
[08-Sep-2023 07:55:56 UTC] PHP Warning:  An unexpected error occurred. Something may be wrong with WordPress.org or this server&#8217;s configuration. If you continue to have problems, please try the <a href="https://wordpress.org/support/forums/">support forums</a>. (WordPress could not establish a secure connection to WordPress.org. Please contact your server administrator.) in /home/safet/Local Sites/udemy/app/public/wp-includes/update.php on line 205
[08-Sep-2023 07:55:56 UTC] PHP Warning:  An unexpected error occurred. Something may be wrong with WordPress.org or this server&#8217;s configuration. If you continue to have problems, please try the <a href="https://wordpress.org/support/forums/">support forums</a>. (WordPress could not establish a secure connection to WordPress.org. Please contact your server administrator.) in /home/safet/Local Sites/udemy/app/public/wp-includes/update.php on line 443
[08-Sep-2023 07:55:56 UTC] PHP Warning:  An unexpected error occurred. Something may be wrong with WordPress.org or this server&#8217;s configuration. If you continue to have problems, please try the <a href="https://wordpress.org/support/forums/">support forums</a>. (WordPress could not establish a secure connection to WordPress.org. Please contact your server administrator.) in /home/safet/Local Sites/udemy/app/public/wp-includes/update.php on line 724
[08-Sep-2023 09:09:25 UTC] PHP Warning:  mysqli_real_connect(): (HY000/2002): No such file or directory in /home/safet/Local Sites/udemy/app/public/wp-includes/class-wpdb.php on line 2035
[08-Sep-2023 09:09:30 UTC] PHP Deprecated:  Creation of dynamic property User_Command::$fetcher is deprecated in phar:///opt/Local/resources/extraResources/bin/wp-cli/wp-cli.phar/vendor/wp-cli/entity-command/src/User_Command.php on line 54
[08-Sep-2023 09:09:30 UTC] PHP Deprecated:  Creation of dynamic property User_Command::$sitefetcher is deprecated in phar:///opt/Local/resources/extraResources/bin/wp-cli/wp-cli.phar/vendor/wp-cli/entity-command/src/User_Command.php on line 55
[08-Sep-2023 09:09:30 UTC] PHP Deprecated:  Return type of WP_CLI\Iterators\Transform::current() should either be compatible with IteratorIterator::current(): mixed, or the #[\ReturnTypeWillChange] attribute should be used to temporarily suppress the notice in phar:///opt/Local/resources/extraResources/bin/wp-cli/wp-cli.phar/vendor/wp-cli/wp-cli/php/WP_CLI/Iterators/Transform.php on line 18
[08-Sep-2023 10:35:04 UTC] PHP Fatal error:  Uncaught ArgumentCountError: Too few arguments to function add_action(), 0 passed in /home/safet/Local Sites/udemy/app/public/wp-content/themes/udemy/functions.php on line 9 and at least 2 expected in /home/safet/Local Sites/udemy/app/public/wp-includes/plugin.php:441
Stack trace:
#0 /home/safet/Local Sites/udemy/app/public/wp-content/themes/udemy/functions.php(9): add_action()
#1 /home/safet/Local Sites/udemy/app/public/wp-settings.php(600): include('/home/safet/Loc...')
#2 /home/safet/Local Sites/udemy/app/public/wp-config.php(109): require_once('/home/safet/Loc...')
#3 /home/safet/Local Sites/udemy/app/public/wp-load.php(50): require_once('/home/safet/Loc...')
#4 /home/safet/Local Sites/udemy/app/public/wp-admin/admin-ajax.php(22): require_once('/home/safet/Loc...')
#5 {main}
  thrown in /home/safet/Local Sites/udemy/app/public/wp-includes/plugin.php on line 441
[08-Sep-2023 10:37:05 UTC] PHP Fatal error:  Uncaught ArgumentCountError: Too few arguments to function add_action(), 0 passed in /home/safet/Local Sites/udemy/app/public/wp-content/themes/udemy/functions.php on line 9 and at least 2 expected in /home/safet/Local Sites/udemy/app/public/wp-includes/plugin.php:441
Stack trace:
#0 /home/safet/Local Sites/udemy/app/public/wp-content/themes/udemy/functions.php(9): add_action()
#1 /home/safet/Local Sites/udemy/app/public/wp-settings.php(600): include('/home/safet/Loc...')
#2 /home/safet/Local Sites/udemy/app/public/wp-config.php(109): require_once('/home/safet/Loc...')
#3 /home/safet/Local Sites/udemy/app/public/wp-load.php(50): require_once('/home/safet/Loc...')
#4 /home/safet/Local Sites/udemy/app/public/wp-admin/admin-ajax.php(22): require_once('/home/safet/Loc...')
#5 {main}
  thrown in /home/safet/Local Sites/udemy/app/public/wp-includes/plugin.php on line 441
[08-Sep-2023 10:39:05 UTC] PHP Fatal error:  Uncaught ArgumentCountError: Too few arguments to function add_action(), 0 passed in /home/safet/Local Sites/udemy/app/public/wp-content/themes/udemy/functions.php on line 9 and at least 2 expected in /home/safet/Local Sites/udemy/app/public/wp-includes/plugin.php:441
Stack trace:
#0 /home/safet/Local Sites/udemy/app/public/wp-content/themes/udemy/functions.php(9): add_action()
#1 /home/safet/Local Sites/udemy/app/public/wp-settings.php(600): include('/home/safet/Loc...')
#2 /home/safet/Local Sites/udemy/app/public/wp-config.php(109): require_once('/home/safet/Loc...')
#3 /home/safet/Local Sites/udemy/app/public/wp-load.php(50): require_once('/home/safet/Loc...')
#4 /home/safet/Local Sites/udemy/app/public/wp-admin/admin-ajax.php(22): require_once('/home/safet/Loc...')
#5 {main}
  thrown in /home/safet/Local Sites/udemy/app/public/wp-includes/plugin.php on line 441
[08-Sep-2023 10:41:05 UTC] PHP Fatal error:  Uncaught ArgumentCountError: Too few arguments to function add_action(), 0 passed in /home/safet/Local Sites/udemy/app/public/wp-content/themes/udemy/functions.php on line 9 and at least 2 expected in /home/safet/Local Sites/udemy/app/public/wp-includes/plugin.php:441
Stack trace:
#0 /home/safet/Local Sites/udemy/app/public/wp-content/themes/udemy/functions.php(9): add_action()
#1 /home/safet/Local Sites/udemy/app/public/wp-settings.php(600): include('/home/safet/Loc...')
#2 /home/safet/Local Sites/udemy/app/public/wp-config.php(109): require_once('/home/safet/Loc...')
#3 /home/safet/Local Sites/udemy/app/public/wp-load.php(50): require_once('/home/safet/Loc...')
#4 /home/safet/Local Sites/udemy/app/public/wp-admin/admin-ajax.php(22): require_once('/home/safet/Loc...')
#5 {main}
  thrown in /home/safet/Local Sites/udemy/app/public/wp-includes/plugin.php on line 441
[08-Sep-2023 10:43:06 UTC] PHP Fatal error:  Uncaught ArgumentCountError: Too few arguments to function add_action(), 0 passed in /home/safet/Local Sites/udemy/app/public/wp-content/themes/udemy/functions.php on line 9 and at least 2 expected in /home/safet/Local Sites/udemy/app/public/wp-includes/plugin.php:441
Stack trace:
#0 /home/safet/Local Sites/udemy/app/public/wp-content/themes/udemy/functions.php(9): add_action()
#1 /home/safet/Local Sites/udemy/app/public/wp-settings.php(600): include('/home/safet/Loc...')
#2 /home/safet/Local Sites/udemy/app/public/wp-config.php(109): require_once('/home/safet/Loc...')
#3 /home/safet/Local Sites/udemy/app/public/wp-load.php(50): require_once('/home/safet/Loc...')
#4 /home/safet/Local Sites/udemy/app/public/wp-admin/admin-ajax.php(22): require_once('/home/safet/Loc...')
#5 {main}
  thrown in /home/safet/Local Sites/udemy/app/public/wp-includes/plugin.php on line 441
[08-Sep-2023 10:45:07 UTC] PHP Fatal error:  Uncaught ArgumentCountError: Too few arguments to function add_action(), 0 passed in /home/safet/Local Sites/udemy/app/public/wp-content/themes/udemy/functions.php on line 9 and at least 2 expected in /home/safet/Local Sites/udemy/app/public/wp-includes/plugin.php:441
Stack trace:
#0 /home/safet/Local Sites/udemy/app/public/wp-content/themes/udemy/functions.php(9): add_action()
#1 /home/safet/Local Sites/udemy/app/public/wp-settings.php(600): include('/home/safet/Loc...')
#2 /home/safet/Local Sites/udemy/app/public/wp-config.php(109): require_once('/home/safet/Loc...')
#3 /home/safet/Local Sites/udemy/app/public/wp-load.php(50): require_once('/home/safet/Loc...')
#4 /home/safet/Local Sites/udemy/app/public/wp-admin/admin-ajax.php(22): require_once('/home/safet/Loc...')
#5 {main}
  thrown in /home/safet/Local Sites/udemy/app/public/wp-includes/plugin.php on line 441
[08-Sep-2023 10:47:08 UTC] PHP Fatal error:  Uncaught ArgumentCountError: Too few arguments to function add_action(), 0 passed in /home/safet/Local Sites/udemy/app/public/wp-content/themes/udemy/functions.php on line 9 and at least 2 expected in /home/safet/Local Sites/udemy/app/public/wp-includes/plugin.php:441
Stack trace:
#0 /home/safet/Local Sites/udemy/app/public/wp-content/themes/udemy/functions.php(9): add_action()
#1 /home/safet/Local Sites/udemy/app/public/wp-settings.php(600): include('/home/safet/Loc...')
#2 /home/safet/Local Sites/udemy/app/public/wp-config.php(109): require_once('/home/safet/Loc...')
#3 /home/safet/Local Sites/udemy/app/public/wp-load.php(50): require_once('/home/safet/Loc...')
#4 /home/safet/Local Sites/udemy/app/public/wp-admin/admin-ajax.php(22): require_once('/home/safet/Loc...')
#5 {main}
  thrown in /home/safet/Local Sites/udemy/app/public/wp-includes/plugin.php on line 441
[08-Sep-2023 11:20:13 UTC] PHP Warning:  include(/home/safet/Local Sites/udemy/app/public/wp-content/themes/udemy/includes/front/head.php): Failed to open stream: No such file or directory in /home/safet/Local Sites/udemy/app/public/wp-content/themes/udemy/functions.php on line 7
[08-Sep-2023 11:20:13 UTC] PHP Warning:  include(): Failed opening '/home/safet/Local Sites/udemy/app/public/wp-content/themes/udemy/includes/front/head.php' for inclusion (include_path='.:/usr/share/php:/www/wp-content/pear') in /home/safet/Local Sites/udemy/app/public/wp-content/themes/udemy/functions.php on line 7
[08-Sep-2023 11:20:13 UTC] PHP Fatal error:  Uncaught TypeError: call_user_func_array(): Argument #1 ($callback) must be a valid callback, function "u_head" not found or invalid function name in /home/safet/Local Sites/udemy/app/public/wp-includes/class-wp-hook.php:310
Stack trace:
#0 /home/safet/Local Sites/udemy/app/public/wp-includes/class-wp-hook.php(334): WP_Hook->apply_filters(NULL, Array)
#1 /home/safet/Local Sites/udemy/app/public/wp-includes/plugin.php(517): WP_Hook->do_action(Array)
#2 /home/safet/Local Sites/udemy/app/public/wp-includes/general-template.php(3053): do_action('wp_head')
#3 /home/safet/Local Sites/udemy/app/public/wp-includes/template-canvas.php(17): wp_head()
#4 /home/safet/Local Sites/udemy/app/public/wp-includes/template-loader.php(106): include('/home/safet/Loc...')
#5 /home/safet/Local Sites/udemy/app/public/wp-blog-header.php(19): require_once('/home/safet/Loc...')
#6 /home/safet/Local Sites/udemy/app/public/index.php(17): require('/home/safet/Loc...')
#7 {main}
  thrown in /home/safet/Local Sites/udemy/app/public/wp-includes/class-wp-hook.php on line 310
[08-Sep-2023 11:20:14 UTC] PHP Warning:  include(/home/safet/Local Sites/udemy/app/public/wp-content/themes/udemy/includes/front/head.php): Failed to open stream: No such file or directory in /home/safet/Local Sites/udemy/app/public/wp-content/themes/udemy/functions.php on line 7
[08-Sep-2023 11:20:14 UTC] PHP Warning:  include(): Failed opening '/home/safet/Local Sites/udemy/app/public/wp-content/themes/udemy/includes/front/head.php' for inclusion (include_path='.:/usr/share/php:/www/wp-content/pear') in /home/safet/Local Sites/udemy/app/public/wp-content/themes/udemy/functions.php on line 7
[08-Sep-2023 11:20:29 UTC] PHP Warning:  include(/home/safet/Local Sites/udemy/app/public/wp-content/themes/udemy/includes/front/head.php): Failed to open stream: No such file or directory in /home/safet/Local Sites/udemy/app/public/wp-content/themes/udemy/functions.php on line 7
[08-Sep-2023 11:20:29 UTC] PHP Warning:  include(): Failed opening '/home/safet/Local Sites/udemy/app/public/wp-content/themes/udemy/includes/front/head.php' for inclusion (include_path='.:/usr/share/php:/www/wp-content/pear') in /home/safet/Local Sites/udemy/app/public/wp-content/themes/udemy/functions.php on line 7
[08-Sep-2023 11:20:29 UTC] PHP Warning:  include(/home/safet/Local Sites/udemy/app/public/wp-content/themes/udemy/includes/front/head.php): Failed to open stream: No such file or directory in /home/safet/Local Sites/udemy/app/public/wp-content/themes/udemy/functions.php on line 7
[08-Sep-2023 11:20:29 UTC] PHP Warning:  include(/home/safet/Local Sites/udemy/app/public/wp-content/themes/udemy/includes/front/head.php): Failed to open stream: No such file or directory in /home/safet/Local Sites/udemy/app/public/wp-content/themes/udemy/functions.php on line 7
[08-Sep-2023 11:20:29 UTC] PHP Warning:  include(): Failed opening '/home/safet/Local Sites/udemy/app/public/wp-content/themes/udemy/includes/front/head.php' for inclusion (include_path='.:/usr/share/php:/www/wp-content/pear') in /home/safet/Local Sites/udemy/app/public/wp-content/themes/udemy/functions.php on line 7
[08-Sep-2023 11:20:29 UTC] PHP Warning:  include(): Failed opening '/home/safet/Local Sites/udemy/app/public/wp-content/themes/udemy/includes/front/head.php' for inclusion (include_path='.:/usr/share/php:/www/wp-content/pear') in /home/safet/Local Sites/udemy/app/public/wp-content/themes/udemy/functions.php on line 7
[08-Sep-2023 11:20:29 UTC] PHP Warning:  include(/home/safet/Local Sites/udemy/app/public/wp-content/themes/udemy/includes/front/head.php): Failed to open stream: No such file or directory in /home/safet/Local Sites/udemy/app/public/wp-content/themes/udemy/functions.php on line 7
[08-Sep-2023 11:20:29 UTC] PHP Warning:  include(): Failed opening '/home/safet/Local Sites/udemy/app/public/wp-content/themes/udemy/includes/front/head.php' for inclusion (include_path='.:/usr/share/php:/www/wp-content/pear') in /home/safet/Local Sites/udemy/app/public/wp-content/themes/udemy/functions.php on line 7
[08-Sep-2023 11:20:29 UTC] PHP Warning:  include(/home/safet/Local Sites/udemy/app/public/wp-content/themes/udemy/includes/front/head.php): Failed to open stream: No such file or directory in /home/safet/Local Sites/udemy/app/public/wp-content/themes/udemy/functions.php on line 7
[08-Sep-2023 11:20:29 UTC] PHP Warning:  include(): Failed opening '/home/safet/Local Sites/udemy/app/public/wp-content/themes/udemy/includes/front/head.php' for inclusion (include_path='.:/usr/share/php:/www/wp-content/pear') in /home/safet/Local Sites/udemy/app/public/wp-content/themes/udemy/functions.php on line 7
[08-Sep-2023 11:20:29 UTC] PHP Warning:  include(/home/safet/Local Sites/udemy/app/public/wp-content/themes/udemy/includes/front/head.php): Failed to open stream: No such file or directory in /home/safet/Local Sites/udemy/app/public/wp-content/themes/udemy/functions.php on line 7
[08-Sep-2023 11:20:29 UTC] PHP Warning:  include(): Failed opening '/home/safet/Local Sites/udemy/app/public/wp-content/themes/udemy/includes/front/head.php' for inclusion (include_path='.:/usr/share/php:/www/wp-content/pear') in /home/safet/Local Sites/udemy/app/public/wp-content/themes/udemy/functions.php on line 7
[08-Sep-2023 11:20:29 UTC] PHP Warning:  include(/home/safet/Local Sites/udemy/app/public/wp-content/themes/udemy/includes/front/head.php): Failed to open stream: No such file or directory in /home/safet/Local Sites/udemy/app/public/wp-content/themes/udemy/functions.php on line 7
[08-Sep-2023 11:20:29 UTC] PHP Warning:  include(): Failed opening '/home/safet/Local Sites/udemy/app/public/wp-content/themes/udemy/includes/front/head.php' for inclusion (include_path='.:/usr/share/php:/www/wp-content/pear') in /home/safet/Local Sites/udemy/app/public/wp-content/themes/udemy/functions.php on line 7
[08-Sep-2023 11:20:29 UTC] PHP Warning:  include(/home/safet/Local Sites/udemy/app/public/wp-content/themes/udemy/includes/front/head.php): Failed to open stream: No such file or directory in /home/safet/Local Sites/udemy/app/public/wp-content/themes/udemy/functions.php on line 7
[08-Sep-2023 11:20:29 UTC] PHP Warning:  include(): Failed opening '/home/safet/Local Sites/udemy/app/public/wp-content/themes/udemy/includes/front/head.php' for inclusion (include_path='.:/usr/share/php:/www/wp-content/pear') in /home/safet/Local Sites/udemy/app/public/wp-content/themes/udemy/functions.php on line 7
[08-Sep-2023 11:20:29 UTC] PHP Warning:  include(/home/safet/Local Sites/udemy/app/public/wp-content/themes/udemy/includes/front/head.php): Failed to open stream: No such file or directory in /home/safet/Local Sites/udemy/app/public/wp-content/themes/udemy/functions.php on line 7
[08-Sep-2023 11:20:29 UTC] PHP Warning:  include(): Failed opening '/home/safet/Local Sites/udemy/app/public/wp-content/themes/udemy/includes/front/head.php' for inclusion (include_path='.:/usr/share/php:/www/wp-content/pear') in /home/safet/Local Sites/udemy/app/public/wp-content/themes/udemy/functions.php on line 7
[08-Sep-2023 11:20:29 UTC] PHP Warning:  include(/home/safet/Local Sites/udemy/app/public/wp-content/themes/udemy/includes/front/head.php): Failed to open stream: No such file or directory in /home/safet/Local Sites/udemy/app/public/wp-content/themes/udemy/functions.php on line 7
[08-Sep-2023 11:20:29 UTC] PHP Warning:  include(): Failed opening '/home/safet/Local Sites/udemy/app/public/wp-content/themes/udemy/includes/front/head.php' for inclusion (include_path='.:/usr/share/php:/www/wp-content/pear') in /home/safet/Local Sites/udemy/app/public/wp-content/themes/udemy/functions.php on line 7
[08-Sep-2023 11:20:30 UTC] PHP Warning:  include(/home/safet/Local Sites/udemy/app/public/wp-content/themes/udemy/includes/front/head.php): Failed to open stream: No such file or directory in /home/safet/Local Sites/udemy/app/public/wp-content/themes/udemy/functions.php on line 7
[08-Sep-2023 11:20:30 UTC] PHP Warning:  include(): Failed opening '/home/safet/Local Sites/udemy/app/public/wp-content/themes/udemy/includes/front/head.php' for inclusion (include_path='.:/usr/share/php:/www/wp-content/pear') in /home/safet/Local Sites/udemy/app/public/wp-content/themes/udemy/functions.php on line 7
[08-Sep-2023 11:20:32 UTC] PHP Warning:  include(/home/safet/Local Sites/udemy/app/public/wp-content/themes/udemy/includes/front/head.php): Failed to open stream: No such file or directory in /home/safet/Local Sites/udemy/app/public/wp-content/themes/udemy/functions.php on line 7
[08-Sep-2023 11:20:32 UTC] PHP Warning:  include(): Failed opening '/home/safet/Local Sites/udemy/app/public/wp-content/themes/udemy/includes/front/head.php' for inclusion (include_path='.:/usr/share/php:/www/wp-content/pear') in /home/safet/Local Sites/udemy/app/public/wp-content/themes/udemy/functions.php on line 7
[08-Sep-2023 11:20:32 UTC] PHP Warning:  include(/home/safet/Local Sites/udemy/app/public/wp-content/themes/udemy/includes/front/head.php): Failed to open stream: No such file or directory in /home/safet/Local Sites/udemy/app/public/wp-content/themes/udemy/functions.php on line 7
[08-Sep-2023 11:20:32 UTC] PHP Warning:  include(/home/safet/Local Sites/udemy/app/public/wp-content/themes/udemy/includes/front/head.php): Failed to open stream: No such file or directory in /home/safet/Local Sites/udemy/app/public/wp-content/themes/udemy/functions.php on line 7
[08-Sep-2023 11:20:32 UTC] PHP Warning:  include(): Failed opening '/home/safet/Local Sites/udemy/app/public/wp-content/themes/udemy/includes/front/head.php' for inclusion (include_path='.:/usr/share/php:/www/wp-content/pear') in /home/safet/Local Sites/udemy/app/public/wp-content/themes/udemy/functions.php on line 7
[08-Sep-2023 11:20:32 UTC] PHP Warning:  include(): Failed opening '/home/safet/Local Sites/udemy/app/public/wp-content/themes/udemy/includes/front/head.php' for inclusion (include_path='.:/usr/share/php:/www/wp-content/pear') in /home/safet/Local Sites/udemy/app/public/wp-content/themes/udemy/functions.php on line 7
[08-Sep-2023 11:20:32 UTC] PHP Warning:  include(/home/safet/Local Sites/udemy/app/public/wp-content/themes/udemy/includes/front/head.php): Failed to open stream: No such file or directory in /home/safet/Local Sites/udemy/app/public/wp-content/themes/udemy/functions.php on line 7
[08-Sep-2023 11:20:32 UTC] PHP Warning:  include(): Failed opening '/home/safet/Local Sites/udemy/app/public/wp-content/themes/udemy/includes/front/head.php' for inclusion (include_path='.:/usr/share/php:/www/wp-content/pear') in /home/safet/Local Sites/udemy/app/public/wp-content/themes/udemy/functions.php on line 7
[08-Sep-2023 11:20:32 UTC] PHP Warning:  include(/home/safet/Local Sites/udemy/app/public/wp-content/themes/udemy/includes/front/head.php): Failed to open stream: No such file or directory in /home/safet/Local Sites/udemy/app/public/wp-content/themes/udemy/functions.php on line 7
[08-Sep-2023 11:20:32 UTC] PHP Warning:  include(): Failed opening '/home/safet/Local Sites/udemy/app/public/wp-content/themes/udemy/includes/front/head.php' for inclusion (include_path='.:/usr/share/php:/www/wp-content/pear') in /home/safet/Local Sites/udemy/app/public/wp-content/themes/udemy/functions.php on line 7
[08-Sep-2023 11:20:32 UTC] PHP Warning:  include(/home/safet/Local Sites/udemy/app/public/wp-content/themes/udemy/includes/front/head.php): Failed to open stream: No such file or directory in /home/safet/Local Sites/udemy/app/public/wp-content/themes/udemy/functions.php on line 7
[08-Sep-2023 11:20:32 UTC] PHP Warning:  include(): Failed opening '/home/safet/Local Sites/udemy/app/public/wp-content/themes/udemy/includes/front/head.php' for inclusion (include_path='.:/usr/share/php:/www/wp-content/pear') in /home/safet/Local Sites/udemy/app/public/wp-content/themes/udemy/functions.php on line 7
[08-Sep-2023 11:20:32 UTC] PHP Warning:  include(/home/safet/Local Sites/udemy/app/public/wp-content/themes/udemy/includes/front/head.php): Failed to open stream: No such file or directory in /home/safet/Local Sites/udemy/app/public/wp-content/themes/udemy/functions.php on line 7
[08-Sep-2023 11:20:32 UTC] PHP Warning:  include(): Failed opening '/home/safet/Local Sites/udemy/app/public/wp-content/themes/udemy/includes/front/head.php' for inclusion (include_path='.:/usr/share/php:/www/wp-content/pear') in /home/safet/Local Sites/udemy/app/public/wp-content/themes/udemy/functions.php on line 7
[08-Sep-2023 11:20:32 UTC] PHP Warning:  include(/home/safet/Local Sites/udemy/app/public/wp-content/themes/udemy/includes/front/head.php): Failed to open stream: No such file or directory in /home/safet/Local Sites/udemy/app/public/wp-content/themes/udemy/functions.php on line 7
[08-Sep-2023 11:20:32 UTC] PHP Warning:  include(): Failed opening '/home/safet/Local Sites/udemy/app/public/wp-content/themes/udemy/includes/front/head.php' for inclusion (include_path='.:/usr/share/php:/www/wp-content/pear') in /home/safet/Local Sites/udemy/app/public/wp-content/themes/udemy/functions.php on line 7
[08-Sep-2023 11:20:32 UTC] PHP Warning:  include(/home/safet/Local Sites/udemy/app/public/wp-content/themes/udemy/includes/front/head.php): Failed to open stream: No such file or directory in /home/safet/Local Sites/udemy/app/public/wp-content/themes/udemy/functions.php on line 7
[08-Sep-2023 11:20:32 UTC] PHP Warning:  include(): Failed opening '/home/safet/Local Sites/udemy/app/public/wp-content/themes/udemy/includes/front/head.php' for inclusion (include_path='.:/usr/share/php:/www/wp-content/pear') in /home/safet/Local Sites/udemy/app/public/wp-content/themes/udemy/functions.php on line 7
[08-Sep-2023 11:20:32 UTC] PHP Warning:  include(/home/safet/Local Sites/udemy/app/public/wp-content/themes/udemy/includes/front/head.php): Failed to open stream: No such file or directory in /home/safet/Local Sites/udemy/app/public/wp-content/themes/udemy/functions.php on line 7
[08-Sep-2023 11:20:32 UTC] PHP Warning:  include(): Failed opening '/home/safet/Local Sites/udemy/app/public/wp-content/themes/udemy/includes/front/head.php' for inclusion (include_path='.:/usr/share/php:/www/wp-content/pear') in /home/safet/Local Sites/udemy/app/public/wp-content/themes/udemy/functions.php on line 7
[08-Sep-2023 11:20:32 UTC] PHP Warning:  include(/home/safet/Local Sites/udemy/app/public/wp-content/themes/udemy/includes/front/head.php): Failed to open stream: No such file or directory in /home/safet/Local Sites/udemy/app/public/wp-content/themes/udemy/functions.php on line 7
[08-Sep-2023 11:20:32 UTC] PHP Warning:  include(): Failed opening '/home/safet/Local Sites/udemy/app/public/wp-content/themes/udemy/includes/front/head.php' for inclusion (include_path='.:/usr/share/php:/www/wp-content/pear') in /home/safet/Local Sites/udemy/app/public/wp-content/themes/udemy/functions.php on line 7
[08-Sep-2023 11:20:32 UTC] PHP Warning:  include(/home/safet/Local Sites/udemy/app/public/wp-content/themes/udemy/includes/front/head.php): Failed to open stream: No such file or directory in /home/safet/Local Sites/udemy/app/public/wp-content/themes/udemy/functions.php on line 7
[08-Sep-2023 11:20:32 UTC] PHP Warning:  include(): Failed opening '/home/safet/Local Sites/udemy/app/public/wp-content/themes/udemy/includes/front/head.php' for inclusion (include_path='.:/usr/share/php:/www/wp-content/pear') in /home/safet/Local Sites/udemy/app/public/wp-content/themes/udemy/functions.php on line 7
[08-Sep-2023 11:20:32 UTC] PHP Warning:  include(/home/safet/Local Sites/udemy/app/public/wp-content/themes/udemy/includes/front/head.php): Failed to open stream: No such file or directory in /home/safet/Local Sites/udemy/app/public/wp-content/themes/udemy/functions.php on line 7
[08-Sep-2023 11:20:32 UTC] PHP Warning:  include(): Failed opening '/home/safet/Local Sites/udemy/app/public/wp-content/themes/udemy/includes/front/head.php' for inclusion (include_path='.:/usr/share/php:/www/wp-content/pear') in /home/safet/Local Sites/udemy/app/public/wp-content/themes/udemy/functions.php on line 7
[08-Sep-2023 11:20:32 UTC] PHP Warning:  include(/home/safet/Local Sites/udemy/app/public/wp-content/themes/udemy/includes/front/head.php): Failed to open stream: No such file or directory in /home/safet/Local Sites/udemy/app/public/wp-content/themes/udemy/functions.php on line 7
[08-Sep-2023 11:20:32 UTC] PHP Warning:  include(): Failed opening '/home/safet/Local Sites/udemy/app/public/wp-content/themes/udemy/includes/front/head.php' for inclusion (include_path='.:/usr/share/php:/www/wp-content/pear') in /home/safet/Local Sites/udemy/app/public/wp-content/themes/udemy/functions.php on line 7
[08-Sep-2023 11:20:32 UTC] PHP Warning:  include(/home/safet/Local Sites/udemy/app/public/wp-content/themes/udemy/includes/front/head.php): Failed to open stream: No such file or directory in /home/safet/Local Sites/udemy/app/public/wp-content/themes/udemy/functions.php on line 7
[08-Sep-2023 11:20:32 UTC] PHP Warning:  include(): Failed opening '/home/safet/Local Sites/udemy/app/public/wp-content/themes/udemy/includes/front/head.php' for inclusion (include_path='.:/usr/share/php:/www/wp-content/pear') in /home/safet/Local Sites/udemy/app/public/wp-content/themes/udemy/functions.php on line 7
[08-Sep-2023 11:20:32 UTC] PHP Warning:  include(/home/safet/Local Sites/udemy/app/public/wp-content/themes/udemy/includes/front/head.php): Failed to open stream: No such file or directory in /home/safet/Local Sites/udemy/app/public/wp-content/themes/udemy/functions.php on line 7
[08-Sep-2023 11:20:32 UTC] PHP Warning:  include(): Failed opening '/home/safet/Local Sites/udemy/app/public/wp-content/themes/udemy/includes/front/head.php' for inclusion (include_path='.:/usr/share/php:/www/wp-content/pear') in /home/safet/Local Sites/udemy/app/public/wp-content/themes/udemy/functions.php on line 7
[08-Sep-2023 11:20:33 UTC] PHP Warning:  include(/home/safet/Local Sites/udemy/app/public/wp-content/themes/udemy/includes/front/head.php): Failed to open stream: No such file or directory in /home/safet/Local Sites/udemy/app/public/wp-content/themes/udemy/functions.php on line 7
[08-Sep-2023 11:20:33 UTC] PHP Warning:  include(): Failed opening '/home/safet/Local Sites/udemy/app/public/wp-content/themes/udemy/includes/front/head.php' for inclusion (include_path='.:/usr/share/php:/www/wp-content/pear') in /home/safet/Local Sites/udemy/app/public/wp-content/themes/udemy/functions.php on line 7
[08-Sep-2023 11:20:33 UTC] PHP Warning:  include(/home/safet/Local Sites/udemy/app/public/wp-content/themes/udemy/includes/front/head.php): Failed to open stream: No such file or directory in /home/safet/Local Sites/udemy/app/public/wp-content/themes/udemy/functions.php on line 7
[08-Sep-2023 11:20:33 UTC] PHP Warning:  include(): Failed opening '/home/safet/Local Sites/udemy/app/public/wp-content/themes/udemy/includes/front/head.php' for inclusion (include_path='.:/usr/share/php:/www/wp-content/pear') in /home/safet/Local Sites/udemy/app/public/wp-content/themes/udemy/functions.php on line 7
[08-Sep-2023 11:20:33 UTC] PHP Warning:  include(/home/safet/Local Sites/udemy/app/public/wp-content/themes/udemy/includes/front/head.php): Failed to open stream: No such file or directory in /home/safet/Local Sites/udemy/app/public/wp-content/themes/udemy/functions.php on line 7
[08-Sep-2023 11:20:33 UTC] PHP Warning:  include(): Failed opening '/home/safet/Local Sites/udemy/app/public/wp-content/themes/udemy/includes/front/head.php' for inclusion (include_path='.:/usr/share/php:/www/wp-content/pear') in /home/safet/Local Sites/udemy/app/public/wp-content/themes/udemy/functions.php on line 7
[08-Sep-2023 11:20:33 UTC] PHP Warning:  include(/home/safet/Local Sites/udemy/app/public/wp-content/themes/udemy/includes/front/head.php): Failed to open stream: No such file or directory in /home/safet/Local Sites/udemy/app/public/wp-content/themes/udemy/functions.php on line 7
[08-Sep-2023 11:20:33 UTC] PHP Warning:  include(): Failed opening '/home/safet/Local Sites/udemy/app/public/wp-content/themes/udemy/includes/front/head.php' for inclusion (include_path='.:/usr/share/php:/www/wp-content/pear') in /home/safet/Local Sites/udemy/app/public/wp-content/themes/udemy/functions.php on line 7
[10-Sep-2023 12:23:36 UTC] PHP Warning:  mysqli_real_connect(): (HY000/2002): No such file or directory in /home/safet/Local Sites/udemy/app/public/wp-includes/class-wpdb.php on line 2035
[10-Sep-2023 12:23:41 UTC] PHP Deprecated:  Creation of dynamic property User_Command::$fetcher is deprecated in phar:///opt/Local/resources/extraResources/bin/wp-cli/wp-cli.phar/vendor/wp-cli/entity-command/src/User_Command.php on line 54
[10-Sep-2023 12:23:41 UTC] PHP Deprecated:  Creation of dynamic property User_Command::$sitefetcher is deprecated in phar:///opt/Local/resources/extraResources/bin/wp-cli/wp-cli.phar/vendor/wp-cli/entity-command/src/User_Command.php on line 55
[10-Sep-2023 12:23:41 UTC] PHP Deprecated:  Return type of WP_CLI\Iterators\Transform::current() should either be compatible with IteratorIterator::current(): mixed, or the #[\ReturnTypeWillChange] attribute should be used to temporarily suppress the notice in phar:///opt/Local/resources/extraResources/bin/wp-cli/wp-cli.phar/vendor/wp-cli/wp-cli/php/WP_CLI/Iterators/Transform.php on line 18
[11-Sep-2023 10:35:23 UTC] PHP Deprecated:  rtrim(): Passing null to parameter #1 ($string) of type string is deprecated in /home/safet/Local Sites/udemy/app/public/wp-content/plugins/fakerpress/src/FakerPress/Provider/HTML.php on line 180
[11-Sep-2023 10:35:25 UTC] PHP Deprecated:  rtrim(): Passing null to parameter #1 ($string) of type string is deprecated in /home/safet/Local Sites/udemy/app/public/wp-content/plugins/fakerpress/src/FakerPress/Provider/HTML.php on line 180
[11-Sep-2023 10:35:26 UTC] PHP Deprecated:  rtrim(): Passing null to parameter #1 ($string) of type string is deprecated in /home/safet/Local Sites/udemy/app/public/wp-content/plugins/fakerpress/src/FakerPress/Provider/HTML.php on line 180
[11-Sep-2023 10:35:32 UTC] PHP Deprecated:  rtrim(): Passing null to parameter #1 ($string) of type string is deprecated in /home/safet/Local Sites/udemy/app/public/wp-content/plugins/fakerpress/src/FakerPress/Provider/HTML.php on line 180
[11-Sep-2023 10:35:36 UTC] PHP Deprecated:  rtrim(): Passing null to parameter #1 ($string) of type string is deprecated in /home/safet/Local Sites/udemy/app/public/wp-content/plugins/fakerpress/src/FakerPress/Provider/HTML.php on line 180
[11-Sep-2023 10:35:38 UTC] PHP Deprecated:  rtrim(): Passing null to parameter #1 ($string) of type string is deprecated in /home/safet/Local Sites/udemy/app/public/wp-content/plugins/fakerpress/src/FakerPress/Provider/HTML.php on line 180
[11-Sep-2023 10:35:39 UTC] PHP Deprecated:  rtrim(): Passing null to parameter #1 ($string) of type string is deprecated in /home/safet/Local Sites/udemy/app/public/wp-content/plugins/fakerpress/src/FakerPress/Provider/HTML.php on line 180
[11-Sep-2023 10:35:40 UTC] PHP Deprecated:  rtrim(): Passing null to parameter #1 ($string) of type string is deprecated in /home/safet/Local Sites/udemy/app/public/wp-content/plugins/fakerpress/src/FakerPress/Provider/HTML.php on line 180
[11-Sep-2023 10:35:42 UTC] PHP Deprecated:  rtrim(): Passing null to parameter #1 ($string) of type string is deprecated in /home/safet/Local Sites/udemy/app/public/wp-content/plugins/fakerpress/src/FakerPress/Provider/HTML.php on line 180
[11-Sep-2023 10:49:19 UTC] PHP Fatal error:  Uncaught TypeError: call_user_func_array(): Argument #1 ($callback) must be a valid callback, function "" not found or invalid function name in /home/safet/Local Sites/udemy/app/public/wp-includes/class-wp-hook.php:310
Stack trace:
#0 /home/safet/Local Sites/udemy/app/public/wp-includes/class-wp-hook.php(334): WP_Hook->apply_filters(NULL, Array)
#1 /home/safet/Local Sites/udemy/app/public/wp-includes/plugin.php(517): WP_Hook->do_action(Array)
#2 /home/safet/Local Sites/udemy/app/public/wp-settings.php(610): do_action('after_setup_the...')
#3 /home/safet/Local Sites/udemy/app/public/wp-config.php(109): require_once('/home/safet/Loc...')
#4 /home/safet/Local Sites/udemy/app/public/wp-load.php(50): require_once('/home/safet/Loc...')
#5 /home/safet/Local Sites/udemy/app/public/wp-admin/admin-ajax.php(22): require_once('/home/safet/Loc...')
#6 {main}
  thrown in /home/safet/Local Sites/udemy/app/public/wp-includes/class-wp-hook.php on line 310
[14-Sep-2023 09:11:51 UTC] PHP Warning:  An unexpected error occurred. Something may be wrong with WordPress.org or this server&#8217;s configuration. If you continue to have problems, please try the <a href="https://wordpress.org/support/forums/">support forums</a>. (WordPress could not establish a secure connection to WordPress.org. Please contact your server administrator.) in /home/safet/Local Sites/udemy/app/public/wp-includes/update.php on line 205
[14-Sep-2023 09:11:51 UTC] PHP Warning:  An unexpected error occurred. Something may be wrong with WordPress.org or this server&#8217;s configuration. If you continue to have problems, please try the <a href="https://wordpress.org/support/forums/">support forums</a>. (WordPress could not establish a secure connection to WordPress.org. Please contact your server administrator.) in /home/safet/Local Sites/udemy/app/public/wp-includes/update.php on line 443
[14-Sep-2023 09:11:51 UTC] PHP Warning:  An unexpected error occurred. Something may be wrong with WordPress.org or this server&#8217;s configuration. If you continue to have problems, please try the <a href="https://wordpress.org/support/forums/">support forums</a>. (WordPress could not establish a secure connection to WordPress.org. Please contact your server administrator.) in /home/safet/Local Sites/udemy/app/public/wp-includes/update.php on line 724
[14-Sep-2023 09:22:59 UTC] PHP Fatal error:  Uncaught ArgumentCountError: function_exists() expects exactly 1 argument, 0 given in /home/safet/Local Sites/udemy/app/public/wp-content/plugins/udemy-plus/index.php:15
Stack trace:
#0 /home/safet/Local Sites/udemy/app/public/wp-content/plugins/udemy-plus/index.php(15): function_exists()
#1 /home/safet/Local Sites/udemy/app/public/wp-settings.php(462): include_once('/home/safet/Loc...')
#2 /home/safet/Local Sites/udemy/app/public/wp-config.php(109): require_once('/home/safet/Loc...')
#3 /home/safet/Local Sites/udemy/app/public/wp-load.php(50): require_once('/home/safet/Loc...')
#4 /home/safet/Local Sites/udemy/app/public/wp-admin/admin-ajax.php(22): require_once('/home/safet/Loc...')
#5 {main}
  thrown in /home/safet/Local Sites/udemy/app/public/wp-content/plugins/udemy-plus/index.php on line 15
